[15:35:24] [Client thread/INFO]: Susclient is ON
[15:35:24] [Client thread/INFO]: Setting user: Player22
[15:36:36] [Client thread/INFO]: LWJGL Version: 2.9.4
[15:36:37] [Client thread/INFO]: Reloading ResourceManager: Default
[15:36:38] [Sound Library Loader/INFO]: Starting up SoundSystem...
[15:36:38] [Thread-5/INFO]: Initializing LWJGL OpenAL
[15:36:38] [Thread-5/INFO]: (The LWJGL binding of OpenAL.  For more information, see http://www.lwjgl.org)
[15:36:38] [Thread-5/INFO]: OpenAL initialized.
[15:36:38] [Sound Library Loader/INFO]: Sound engine started
[15:36:39] [Client thread/INFO]: Created: 1024x512 textures-atlas
[15:36:40] [Client thread/WARN]: Failed to load texture: minecraft:amogus/background.jpg
java.io.FileNotFoundException: minecraft:amogus/background.jpg
	at net.minecraft.client.resources.FallbackResourceManager.getResource(FallbackResourceManager.java:65) ~[bin/:?]
	at net.minecraft.client.resources.SimpleReloadableResourceManager.getResource(SimpleReloadableResourceManager.java:62) ~[bin/:?]
	at net.minecraft.client.renderer.texture.SimpleTexture.loadTexture(SimpleTexture.java:31) ~[bin/:?]
	at net.minecraft.client.renderer.texture.TextureManager.loadTexture(TextureManager.java:64) [bin/:?]
	at net.minecraft.client.renderer.texture.TextureManager.bindTexture(TextureManager.java:39) [bin/:?]
	at sus.ui.MainMenu.drawScreen(MainMenu.java:27) [bin/:?]
	at net.minecraft.client.renderer.EntityRenderer.updateCameraAndRender(EntityRenderer.java:1177) [bin/:?]
	at net.minecraft.client.Minecraft.runGameLoop(Minecraft.java:1164) [bin/:?]
	at net.minecraft.client.Minecraft.run(Minecraft.java:453) [bin/:?]
	at net.minecraft.client.main.Main.main(Main.java:115) [bin/:?]
	at Start.main(Start.java:13) [bin/:?]
[15:36:41] [Client thread/ERROR]: ########## GL ERROR ##########
[15:36:41] [Client thread/ERROR]: @ Post render
[15:36:41] [Client thread/ERROR]: 1283: Stack overflow
[15:36:41] [Client thread/ERROR]: ########## GL ERROR ##########
[15:36:41] [Client thread/ERROR]: @ Post render
[15:36:41] [Client thread/ERROR]: 1283: Stack overflow
[15:36:41] [Client thread/ERROR]: ########## GL ERROR ##########
[15:36:41] [Client thread/ERROR]: @ Post render
[15:36:41] [Client thread/ERROR]: 1283: Stack overflow
[15:36:41] [Client thread/ERROR]: ########## GL ERROR ##########
[15:36:41] [Client thread/ERROR]: @ Post render
[15:36:41] [Client thread/ERROR]: 1283: Stack overflow
[15:36:41] [Client thread/ERROR]: ########## GL ERROR ##########
[15:36:41] [Client thread/ERROR]: @ Post render
[15:36:41] [Client thread/ERROR]: 1283: Stack overflow
[15:36:41] [Client thread/ERROR]: ########## GL ERROR ##########
[15:36:41] [Client thread/ERROR]: @ Post render
[15:36:41] [Client thread/ERROR]: 1283: Stack overflow
[15:36:41] [Client thread/ERROR]: ########## GL ERROR ##########
[15:36:41] [Client thread/ERROR]: @ Post render
[15:36:41] [Client thread/ERROR]: 1283: Stack overflow
[15:36:41] [Client thread/ERROR]: ########## GL ERROR ##########
[15:36:41] [Client thread/ERROR]: @ Post render
[15:36:41] [Client thread/ERROR]: 1283: Stack overflow
[15:36:41] [Client thread/ERROR]: ########## GL ERROR ##########
[15:36:41] [Client thread/ERROR]: @ Post render
[15:36:41] [Client thread/ERROR]: 1283: Stack overflow
[15:36:41] [Client thread/ERROR]: ########## GL ERROR ##########
[15:36:41] [Client thread/ERROR]: @ Post render
[15:36:41] [Client thread/ERROR]: 1283: Stack overflow
[15:36:41] [Client thread/ERROR]: ########## GL ERROR ##########
[15:36:41] [Client thread/ERROR]: @ Post render
[15:36:41] [Client thread/ERROR]: 1283: Stack overflow
[15:36:41] [Client thread/ERROR]: ########## GL ERROR ##########
[15:36:41] [Client thread/ERROR]: @ Post render
[15:36:41] [Client thread/ERROR]: 1283: Stack overflow
[15:36:41] [Client thread/ERROR]: ########## GL ERROR ##########
[15:36:41] [Client thread/ERROR]: @ Post render
[15:36:41] [Client thread/ERROR]: 1283: Stack overflow
[15:36:41] [Client thread/ERROR]: ########## GL ERROR ##########
[15:36:41] [Client thread/ERROR]: @ Post render
[15:36:41] [Client thread/ERROR]: 1283: Stack overflow
[15:36:41] [Client thread/ERROR]: ########## GL ERROR ##########
[15:36:41] [Client thread/ERROR]: @ Post render
[15:36:41] [Client thread/ERROR]: 1283: Stack overflow
[15:36:41] [Client thread/ERROR]: ########## GL ERROR ##########
[15:36:41] [Client thread/ERROR]: @ Post render
[15:36:41] [Client thread/ERROR]: 1283: Stack overflow
[15:36:41] [Client thread/ERROR]: ########## GL ERROR ##########
[15:36:41] [Client thread/ERROR]: @ Post render
[15:36:41] [Client thread/ERROR]: 1283: Stack overflow
[15:36:41] [Client thread/ERROR]: ########## GL ERROR ##########
[15:36:41] [Client thread/ERROR]: @ Post render
[15:36:41] [Client thread/ERROR]: 1283: Stack overflow
[15:36:41] [Client thread/ERROR]: ########## GL ERROR ##########
[15:36:41] [Client thread/ERROR]: @ Post render
[15:36:41] [Client thread/ERROR]: 1283: Stack overflow
[15:36:41] [Client thread/ERROR]: ########## GL ERROR ##########
[15:36:41] [Client thread/ERROR]: @ Post render
[15:36:41] [Client thread/ERROR]: 1283: Stack overflow
[15:36:41] [Client thread/ERROR]: ########## GL ERROR ##########
[15:36:41] [Client thread/ERROR]: @ Post render
[15:36:41] [Client thread/ERROR]: 1283: Stack overflow
[15:36:41] [Client thread/ERROR]: ########## GL ERROR ##########
[15:36:41] [Client thread/ERROR]: @ Post render
[15:36:41] [Client thread/ERROR]: 1283: Stack overflow
[15:36:41] [Client thread/ERROR]: ########## GL ERROR ##########
[15:36:41] [Client thread/ERROR]: @ Post render
[15:36:41] [Client thread/ERROR]: 1283: Stack overflow
[15:36:41] [Client thread/ERROR]: ########## GL ERROR ##########
[15:36:41] [Client thread/ERROR]: @ Post render
[15:36:41] [Client thread/ERROR]: 1283: Stack overflow
[15:36:41] [Client thread/ERROR]: ########## GL ERROR ##########
[15:36:41] [Client thread/ERROR]: @ Post render
[15:36:41] [Client thread/ERROR]: 1283: Stack overflow
[15:36:42] [Client thread/ERROR]: ########## GL ERROR ##########
[15:36:42] [Client thread/ERROR]: @ Post render
[15:36:42] [Client thread/ERROR]: 1283: Stack overflow
[15:36:42] [Client thread/ERROR]: ########## GL ERROR ##########
[15:36:42] [Client thread/ERROR]: @ Post render
[15:36:42] [Client thread/ERROR]: 1283: Stack overflow
[15:36:42] [Client thread/ERROR]: ########## GL ERROR ##########
[15:36:42] [Client thread/ERROR]: @ Post render
[15:36:42] [Client thread/ERROR]: 1283: Stack overflow
[15:36:42] [Client thread/ERROR]: ########## GL ERROR ##########
[15:36:42] [Client thread/ERROR]: @ Post render
[15:36:42] [Client thread/ERROR]: 1283: Stack overflow
[15:36:42] [Client thread/ERROR]: ########## GL ERROR ##########
[15:36:42] [Client thread/ERROR]: @ Post render
[15:36:42] [Client thread/ERROR]: 1283: Stack overflow
[15:36:42] [Client thread/ERROR]: ########## GL ERROR ##########
[15:36:42] [Client thread/ERROR]: @ Post render
[15:36:42] [Client thread/ERROR]: 1283: Stack overflow
[15:36:42] [Client thread/ERROR]: ########## GL ERROR ##########
[15:36:42] [Client thread/ERROR]: @ Post render
[15:36:42] [Client thread/ERROR]: 1283: Stack overflow
[15:36:42] [Client thread/ERROR]: ########## GL ERROR ##########
[15:36:42] [Client thread/ERROR]: @ Post render
[15:36:42] [Client thread/ERROR]: 1283: Stack overflow
[15:36:42] [Client thread/ERROR]: ########## GL ERROR ##########
[15:36:42] [Client thread/ERROR]: @ Post render
[15:36:42] [Client thread/ERROR]: 1283: Stack overflow
[15:36:42] [Client thread/ERROR]: ########## GL ERROR ##########
[15:36:42] [Client thread/ERROR]: @ Post render
[15:36:42] [Client thread/ERROR]: 1283: Stack overflow
[15:36:42] [Client thread/ERROR]: ########## GL ERROR ##########
[15:36:42] [Client thread/ERROR]: @ Post render
[15:36:42] [Client thread/ERROR]: 1283: Stack overflow
[15:36:42] [Client thread/ERROR]: ########## GL ERROR ##########
[15:36:42] [Client thread/ERROR]: @ Post render
[15:36:42] [Client thread/ERROR]: 1283: Stack overflow
[15:36:42] [Client thread/ERROR]: ########## GL ERROR ##########
[15:36:42] [Client thread/ERROR]: @ Post render
[15:36:42] [Client thread/ERROR]: 1283: Stack overflow
[15:36:42] [Client thread/ERROR]: ########## GL ERROR ##########
[15:36:42] [Client thread/ERROR]: @ Post render
[15:36:42] [Client thread/ERROR]: 1283: Stack overflow
[15:36:42] [Client thread/ERROR]: ########## GL ERROR ##########
[15:36:42] [Client thread/ERROR]: @ Post render
[15:36:42] [Client thread/ERROR]: 1283: Stack overflow
[15:36:42] [Client thread/ERROR]: ########## GL ERROR ##########
[15:36:42] [Client thread/ERROR]: @ Post render
[15:36:42] [Client thread/ERROR]: 1283: Stack overflow
[15:36:42] [Client thread/ERROR]: ########## GL ERROR ##########
[15:36:42] [Client thread/ERROR]: @ Post render
[15:36:42] [Client thread/ERROR]: 1283: Stack overflow
[15:36:42] [Client thread/ERROR]: ########## GL ERROR ##########
[15:36:42] [Client thread/ERROR]: @ Post render
[15:36:42] [Client thread/ERROR]: 1283: Stack overflow
[15:36:42] [Client thread/ERROR]: ########## GL ERROR ##########
[15:36:42] [Client thread/ERROR]: @ Post render
[15:36:42] [Client thread/ERROR]: 1283: Stack overflow
[15:36:42] [Client thread/ERROR]: ########## GL ERROR ##########
[15:36:42] [Client thread/ERROR]: @ Post render
[15:36:42] [Client thread/ERROR]: 1283: Stack overflow
[15:36:42] [Client thread/ERROR]: ########## GL ERROR ##########
[15:36:42] [Client thread/ERROR]: @ Post render
[15:36:42] [Client thread/ERROR]: 1283: Stack overflow
[15:36:42] [Client thread/ERROR]: ########## GL ERROR ##########
[15:36:42] [Client thread/ERROR]: @ Post render
[15:36:42] [Client thread/ERROR]: 1283: Stack overflow
[15:36:42] [Client thread/ERROR]: ########## GL ERROR ##########
[15:36:42] [Client thread/ERROR]: @ Post render
[15:36:42] [Client thread/ERROR]: 1283: Stack overflow
[15:36:42] [Client thread/ERROR]: ########## GL ERROR ##########
[15:36:42] [Client thread/ERROR]: @ Post render
[15:36:42] [Client thread/ERROR]: 1283: Stack overflow
[15:36:42] [Client thread/ERROR]: ########## GL ERROR ##########
[15:36:42] [Client thread/ERROR]: @ Post render
[15:36:42] [Client thread/ERROR]: 1283: Stack overflow
[15:36:42] [Client thread/ERROR]: ########## GL ERROR ##########
[15:36:42] [Client thread/ERROR]: @ Post render
[15:36:42] [Client thread/ERROR]: 1283: Stack overflow
[15:36:42] [Client thread/ERROR]: ########## GL ERROR ##########
[15:36:42] [Client thread/ERROR]: @ Post render
[15:36:42] [Client thread/ERROR]: 1283: Stack overflow
[15:36:42] [Client thread/ERROR]: ########## GL ERROR ##########
[15:36:42] [Client thread/ERROR]: @ Post render
[15:36:42] [Client thread/ERROR]: 1283: Stack overflow
[15:36:42] [Client thread/ERROR]: ########## GL ERROR ##########
[15:36:42] [Client thread/ERROR]: @ Post render
[15:36:42] [Client thread/ERROR]: 1283: Stack overflow
[15:36:42] [Client thread/ERROR]: ########## GL ERROR ##########
[15:36:42] [Client thread/ERROR]: @ Post render
[15:36:42] [Client thread/ERROR]: 1283: Stack overflow
[15:36:43] [Client thread/ERROR]: ########## GL ERROR ##########
[15:36:43] [Client thread/ERROR]: @ Post render
[15:36:43] [Client thread/ERROR]: 1283: Stack overflow
[15:36:43] [Client thread/ERROR]: ########## GL ERROR ##########
[15:36:43] [Client thread/ERROR]: @ Post render
[15:36:43] [Client thread/ERROR]: 1283: Stack overflow
[15:36:43] [Client thread/ERROR]: ########## GL ERROR ##########
[15:36:43] [Client thread/ERROR]: @ Post render
[15:36:43] [Client thread/ERROR]: 1283: Stack overflow
[15:36:43] [Client thread/ERROR]: ########## GL ERROR ##########
[15:36:43] [Client thread/ERROR]: @ Post render
[15:36:43] [Client thread/ERROR]: 1283: Stack overflow
[15:36:43] [Client thread/ERROR]: ########## GL ERROR ##########
[15:36:43] [Client thread/ERROR]: @ Post render
[15:36:43] [Client thread/ERROR]: 1283: Stack overflow
[15:36:43] [Client thread/ERROR]: ########## GL ERROR ##########
[15:36:43] [Client thread/ERROR]: @ Post render
[15:36:43] [Client thread/ERROR]: 1283: Stack overflow
[15:36:43] [Client thread/ERROR]: ########## GL ERROR ##########
[15:36:43] [Client thread/ERROR]: @ Post render
[15:36:43] [Client thread/ERROR]: 1283: Stack overflow
[15:36:43] [Client thread/ERROR]: ########## GL ERROR ##########
[15:36:43] [Client thread/ERROR]: @ Post render
[15:36:43] [Client thread/ERROR]: 1283: Stack overflow
[15:36:43] [Client thread/ERROR]: ########## GL ERROR ##########
[15:36:43] [Client thread/ERROR]: @ Post render
[15:36:43] [Client thread/ERROR]: 1283: Stack overflow
[15:36:43] [Client thread/ERROR]: ########## GL ERROR ##########
[15:36:43] [Client thread/ERROR]: @ Post render
[15:36:43] [Client thread/ERROR]: 1283: Stack overflow
[15:36:43] [Client thread/ERROR]: ########## GL ERROR ##########
[15:36:43] [Client thread/ERROR]: @ Post render
[15:36:43] [Client thread/ERROR]: 1283: Stack overflow
[15:36:43] [Client thread/ERROR]: ########## GL ERROR ##########
[15:36:43] [Client thread/ERROR]: @ Post render
[15:36:43] [Client thread/ERROR]: 1283: Stack overflow
[15:36:43] [Client thread/ERROR]: ########## GL ERROR ##########
[15:36:43] [Client thread/ERROR]: @ Post render
[15:36:43] [Client thread/ERROR]: 1283: Stack overflow
[15:36:43] [Client thread/ERROR]: ########## GL ERROR ##########
[15:36:43] [Client thread/ERROR]: @ Post render
[15:36:43] [Client thread/ERROR]: 1283: Stack overflow
[15:36:43] [Client thread/ERROR]: ########## GL ERROR ##########
[15:36:43] [Client thread/ERROR]: @ Post render
[15:36:43] [Client thread/ERROR]: 1283: Stack overflow
[15:36:43] [Client thread/ERROR]: ########## GL ERROR ##########
[15:36:43] [Client thread/ERROR]: @ Post render
[15:36:43] [Client thread/ERROR]: 1283: Stack overflow
[15:36:43] [Client thread/ERROR]: ########## GL ERROR ##########
[15:36:43] [Client thread/ERROR]: @ Post render
[15:36:43] [Client thread/ERROR]: 1283: Stack overflow
[15:36:43] [Client thread/ERROR]: ########## GL ERROR ##########
[15:36:43] [Client thread/ERROR]: @ Post render
[15:36:43] [Client thread/ERROR]: 1283: Stack overflow
[15:36:43] [Client thread/ERROR]: ########## GL ERROR ##########
[15:36:43] [Client thread/ERROR]: @ Post render
[15:36:43] [Client thread/ERROR]: 1283: Stack overflow
[15:36:43] [Client thread/ERROR]: ########## GL ERROR ##########
[15:36:43] [Client thread/ERROR]: @ Post render
[15:36:43] [Client thread/ERROR]: 1283: Stack overflow
[15:36:43] [Client thread/ERROR]: ########## GL ERROR ##########
[15:36:43] [Client thread/ERROR]: @ Post render
[15:36:43] [Client thread/ERROR]: 1283: Stack overflow
[15:36:43] [Client thread/ERROR]: ########## GL ERROR ##########
[15:36:43] [Client thread/ERROR]: @ Post render
[15:36:43] [Client thread/ERROR]: 1283: Stack overflow
[15:36:43] [Client thread/ERROR]: ########## GL ERROR ##########
[15:36:43] [Client thread/ERROR]: @ Post render
[15:36:43] [Client thread/ERROR]: 1283: Stack overflow
[15:36:43] [Client thread/ERROR]: ########## GL ERROR ##########
[15:36:43] [Client thread/ERROR]: @ Post render
[15:36:43] [Client thread/ERROR]: 1283: Stack overflow
[15:36:43] [Client thread/ERROR]: ########## GL ERROR ##########
[15:36:43] [Client thread/ERROR]: @ Post render
[15:36:43] [Client thread/ERROR]: 1283: Stack overflow
[15:36:43] [Client thread/ERROR]: ########## GL ERROR ##########
[15:36:43] [Client thread/ERROR]: @ Post render
[15:36:43] [Client thread/ERROR]: 1283: Stack overflow
[15:36:43] [Client thread/ERROR]: ########## GL ERROR ##########
[15:36:43] [Client thread/ERROR]: @ Post render
[15:36:43] [Client thread/ERROR]: 1283: Stack overflow
[15:36:43] [Client thread/ERROR]: ########## GL ERROR ##########
[15:36:43] [Client thread/ERROR]: @ Post render
[15:36:43] [Client thread/ERROR]: 1283: Stack overflow
[15:36:43] [Client thread/ERROR]: ########## GL ERROR ##########
[15:36:43] [Client thread/ERROR]: @ Post render
[15:36:43] [Client thread/ERROR]: 1283: Stack overflow
[15:36:43] [Client thread/ERROR]: ########## GL ERROR ##########
[15:36:43] [Client thread/ERROR]: @ Post render
[15:36:43] [Client thread/ERROR]: 1283: Stack overflow
[15:36:44] [Client thread/ERROR]: ########## GL ERROR ##########
[15:36:44] [Client thread/ERROR]: @ Post render
[15:36:44] [Client thread/ERROR]: 1283: Stack overflow
[15:36:44] [Client thread/ERROR]: ########## GL ERROR ##########
[15:36:44] [Client thread/ERROR]: @ Post render
[15:36:44] [Client thread/ERROR]: 1283: Stack overflow
[15:36:44] [Client thread/ERROR]: ########## GL ERROR ##########
[15:36:44] [Client thread/ERROR]: @ Post render
[15:36:44] [Client thread/ERROR]: 1283: Stack overflow
[15:36:44] [Client thread/ERROR]: ########## GL ERROR ##########
[15:36:44] [Client thread/ERROR]: @ Post render
[15:36:44] [Client thread/ERROR]: 1283: Stack overflow
[15:36:44] [Client thread/ERROR]: ########## GL ERROR ##########
[15:36:44] [Client thread/ERROR]: @ Post render
[15:36:44] [Client thread/ERROR]: 1283: Stack overflow
[15:36:44] [Client thread/ERROR]: ########## GL ERROR ##########
[15:36:44] [Client thread/ERROR]: @ Post render
[15:36:44] [Client thread/ERROR]: 1283: Stack overflow
[15:36:44] [Client thread/ERROR]: ########## GL ERROR ##########
[15:36:44] [Client thread/ERROR]: @ Post render
[15:36:44] [Client thread/ERROR]: 1283: Stack overflow
[15:36:44] [Client thread/ERROR]: ########## GL ERROR ##########
[15:36:44] [Client thread/ERROR]: @ Post render
[15:36:44] [Client thread/ERROR]: 1283: Stack overflow
[15:36:44] [Client thread/ERROR]: ########## GL ERROR ##########
[15:36:44] [Client thread/ERROR]: @ Post render
[15:36:44] [Client thread/ERROR]: 1283: Stack overflow
[15:36:44] [Client thread/ERROR]: ########## GL ERROR ##########
[15:36:44] [Client thread/ERROR]: @ Post render
[15:36:44] [Client thread/ERROR]: 1283: Stack overflow
[15:36:44] [Client thread/ERROR]: ########## GL ERROR ##########
[15:36:44] [Client thread/ERROR]: @ Post render
[15:36:44] [Client thread/ERROR]: 1283: Stack overflow
[15:36:44] [Client thread/ERROR]: ########## GL ERROR ##########
[15:36:44] [Client thread/ERROR]: @ Post render
[15:36:44] [Client thread/ERROR]: 1283: Stack overflow
[15:36:44] [Client thread/ERROR]: ########## GL ERROR ##########
[15:36:44] [Client thread/ERROR]: @ Post render
[15:36:44] [Client thread/ERROR]: 1283: Stack overflow
[15:36:44] [Client thread/ERROR]: ########## GL ERROR ##########
[15:36:44] [Client thread/ERROR]: @ Post render
[15:36:44] [Client thread/ERROR]: 1283: Stack overflow
[15:36:44] [Client thread/ERROR]: ########## GL ERROR ##########
[15:36:44] [Client thread/ERROR]: @ Post render
[15:36:44] [Client thread/ERROR]: 1283: Stack overflow
[15:36:44] [Client thread/ERROR]: ########## GL ERROR ##########
[15:36:44] [Client thread/ERROR]: @ Post render
[15:36:44] [Client thread/ERROR]: 1283: Stack overflow
[15:36:44] [Client thread/ERROR]: ########## GL ERROR ##########
[15:36:44] [Client thread/ERROR]: @ Post render
[15:36:44] [Client thread/ERROR]: 1283: Stack overflow
[15:36:44] [Client thread/ERROR]: ########## GL ERROR ##########
[15:36:44] [Client thread/ERROR]: @ Post render
[15:36:44] [Client thread/ERROR]: 1283: Stack overflow
[15:36:44] [Client thread/ERROR]: ########## GL ERROR ##########
[15:36:44] [Client thread/ERROR]: @ Post render
[15:36:44] [Client thread/ERROR]: 1283: Stack overflow
[15:36:44] [Client thread/ERROR]: ########## GL ERROR ##########
[15:36:44] [Client thread/ERROR]: @ Post render
[15:36:44] [Client thread/ERROR]: 1283: Stack overflow
[15:36:44] [Client thread/ERROR]: ########## GL ERROR ##########
[15:36:44] [Client thread/ERROR]: @ Post render
[15:36:44] [Client thread/ERROR]: 1283: Stack overflow
[15:36:44] [Client thread/ERROR]: ########## GL ERROR ##########
[15:36:44] [Client thread/ERROR]: @ Post render
[15:36:44] [Client thread/ERROR]: 1283: Stack overflow
[15:36:44] [Client thread/ERROR]: ########## GL ERROR ##########
[15:36:44] [Client thread/ERROR]: @ Post render
[15:36:44] [Client thread/ERROR]: 1283: Stack overflow
[15:36:44] [Client thread/ERROR]: ########## GL ERROR ##########
[15:36:44] [Client thread/ERROR]: @ Post render
[15:36:44] [Client thread/ERROR]: 1283: Stack overflow
[15:36:44] [Client thread/ERROR]: ########## GL ERROR ##########
[15:36:44] [Client thread/ERROR]: @ Post render
[15:36:44] [Client thread/ERROR]: 1283: Stack overflow
[15:36:44] [Client thread/ERROR]: ########## GL ERROR ##########
[15:36:44] [Client thread/ERROR]: @ Post render
[15:36:44] [Client thread/ERROR]: 1283: Stack overflow
[15:36:44] [Client thread/ERROR]: ########## GL ERROR ##########
[15:36:44] [Client thread/ERROR]: @ Post render
[15:36:44] [Client thread/ERROR]: 1283: Stack overflow
[15:36:44] [Client thread/ERROR]: ########## GL ERROR ##########
[15:36:44] [Client thread/ERROR]: @ Post render
[15:36:44] [Client thread/ERROR]: 1283: Stack overflow
[15:36:44] [Client thread/ERROR]: ########## GL ERROR ##########
[15:36:44] [Client thread/ERROR]: @ Post render
[15:36:44] [Client thread/ERROR]: 1283: Stack overflow
[15:36:44] [Client thread/ERROR]: ########## GL ERROR ##########
[15:36:44] [Client thread/ERROR]: @ Post render
[15:36:44] [Client thread/ERROR]: 1283: Stack overflow
[15:36:45] [Client thread/ERROR]: ########## GL ERROR ##########
[15:36:45] [Client thread/ERROR]: @ Post render
[15:36:45] [Client thread/ERROR]: 1283: Stack overflow
[15:36:45] [Client thread/ERROR]: ########## GL ERROR ##########
[15:36:45] [Client thread/ERROR]: @ Post render
[15:36:45] [Client thread/ERROR]: 1283: Stack overflow
[15:36:45] [Client thread/ERROR]: ########## GL ERROR ##########
[15:36:45] [Client thread/ERROR]: @ Post render
[15:36:45] [Client thread/ERROR]: 1283: Stack overflow
[15:36:45] [Client thread/ERROR]: ########## GL ERROR ##########
[15:36:45] [Client thread/ERROR]: @ Post render
[15:36:45] [Client thread/ERROR]: 1283: Stack overflow
[15:36:45] [Client thread/ERROR]: ########## GL ERROR ##########
[15:36:45] [Client thread/ERROR]: @ Post render
[15:36:45] [Client thread/ERROR]: 1283: Stack overflow
[15:36:45] [Client thread/ERROR]: ########## GL ERROR ##########
[15:36:45] [Client thread/ERROR]: @ Post render
[15:36:45] [Client thread/ERROR]: 1283: Stack overflow
[15:36:45] [Client thread/ERROR]: ########## GL ERROR ##########
[15:36:45] [Client thread/ERROR]: @ Post render
[15:36:45] [Client thread/ERROR]: 1283: Stack overflow
[15:36:45] [Client thread/ERROR]: ########## GL ERROR ##########
[15:36:45] [Client thread/ERROR]: @ Post render
[15:36:45] [Client thread/ERROR]: 1283: Stack overflow
[15:36:45] [Client thread/ERROR]: ########## GL ERROR ##########
[15:36:45] [Client thread/ERROR]: @ Post render
[15:36:45] [Client thread/ERROR]: 1283: Stack overflow
[15:36:45] [Client thread/ERROR]: ########## GL ERROR ##########
[15:36:45] [Client thread/ERROR]: @ Post render
[15:36:45] [Client thread/ERROR]: 1283: Stack overflow
[15:36:45] [Client thread/ERROR]: ########## GL ERROR ##########
[15:36:45] [Client thread/ERROR]: @ Post render
[15:36:45] [Client thread/ERROR]: 1283: Stack overflow
[15:36:45] [Client thread/ERROR]: ########## GL ERROR ##########
[15:36:45] [Client thread/ERROR]: @ Post render
[15:36:45] [Client thread/ERROR]: 1283: Stack overflow
[15:36:45] [Client thread/ERROR]: ########## GL ERROR ##########
[15:36:45] [Client thread/ERROR]: @ Post render
[15:36:45] [Client thread/ERROR]: 1283: Stack overflow
[15:36:45] [Client thread/ERROR]: ########## GL ERROR ##########
[15:36:45] [Client thread/ERROR]: @ Post render
[15:36:45] [Client thread/ERROR]: 1283: Stack overflow
[15:36:45] [Client thread/ERROR]: ########## GL ERROR ##########
[15:36:45] [Client thread/ERROR]: @ Post render
[15:36:45] [Client thread/ERROR]: 1283: Stack overflow
[15:36:45] [Client thread/ERROR]: ########## GL ERROR ##########
[15:36:45] [Client thread/ERROR]: @ Post render
[15:36:45] [Client thread/ERROR]: 1283: Stack overflow
[15:36:45] [Client thread/ERROR]: ########## GL ERROR ##########
[15:36:45] [Client thread/ERROR]: @ Post render
[15:36:45] [Client thread/ERROR]: 1283: Stack overflow
[15:36:45] [Client thread/ERROR]: ########## GL ERROR ##########
[15:36:45] [Client thread/ERROR]: @ Post render
[15:36:45] [Client thread/ERROR]: 1283: Stack overflow
[15:36:45] [Client thread/ERROR]: ########## GL ERROR ##########
[15:36:45] [Client thread/ERROR]: @ Post render
[15:36:45] [Client thread/ERROR]: 1283: Stack overflow
[15:36:45] [Client thread/ERROR]: ########## GL ERROR ##########
[15:36:45] [Client thread/ERROR]: @ Post render
[15:36:45] [Client thread/ERROR]: 1283: Stack overflow
[15:36:45] [Client thread/ERROR]: ########## GL ERROR ##########
[15:36:45] [Client thread/ERROR]: @ Post render
[15:36:45] [Client thread/ERROR]: 1283: Stack overflow
[15:36:45] [Client thread/ERROR]: ########## GL ERROR ##########
[15:36:45] [Client thread/ERROR]: @ Post render
[15:36:45] [Client thread/ERROR]: 1283: Stack overflow
[15:36:45] [Client thread/ERROR]: ########## GL ERROR ##########
[15:36:45] [Client thread/ERROR]: @ Post render
[15:36:45] [Client thread/ERROR]: 1283: Stack overflow
[15:36:45] [Client thread/ERROR]: ########## GL ERROR ##########
[15:36:45] [Client thread/ERROR]: @ Post render
[15:36:45] [Client thread/ERROR]: 1283: Stack overflow
[15:36:45] [Client thread/INFO]: Stopping!
[15:36:45] [Client thread/INFO]: SoundSystem shutting down...
[15:36:46] [Client thread/WARN]: Author: Paul Lamb, www.paulscode.com
